<?xml version="1.0" encoding="UTF-8"?>
<!-- Generated by org.testng.reporters.JUnitXMLReporter -->
<testsuite ignored="0" hostname="DESKTOP-FFTHLO8" failures="0" tests="8" name="Default test" time="49.2" errors="0" timestamp="2023-11-18T22:51:43 IST">
  <testcase classname="tests.FrontPageTest" name="testBackpack" time="6.855"/>
  <testcase classname="tests.FrontPageTest" name="testBikeLight" time="6.47"/>
  <testcase classname="tests.FrontPageTest" name="testAddToCart" time="4.426"/>
  <testcase classname="tests.FrontPageTest" name="removeBackpack" time="2.243"/>
  <testcase classname="tests.FrontPageTest" name="clickContinueShopping" time="2.367"/>
  <testcase classname="tests.FrontPageTest" name="remainQtyAddToCart" time="0.08"/>
  <testcase classname="tests.FrontPageTest" name="removeBikeLight" time="2.189"/>
  <testcase classname="tests.FrontPageTest" name="sortProduct" time="2.832"/>
</testsuite> <!-- Default test -->
