<?xml version="1.0" encoding="UTF-8"?>
<!-- Generated by org.testng.reporters.JUnitXMLReporter -->
<testsuite ignored="0" hostname="DESKTOP-FFTHLO8" failures="0" tests="6" name="Test1" time="34.956" errors="0" timestamp="2023-11-18T19:29:32 IST">
  <testcase classname="tests.HomePageTest" name="getHeaderText" time="0.404"/>
  <testcase classname="tests.HomePageTest" name="getUsernameText" time="0.06"/>
  <testcase classname="tests.HomePageTest" name="imageDisplayed" time="0.117"/>
  <testcase classname="tests.LoginTest" name="verifyUrl" time="0.084"/>
  <testcase classname="tests.LoginTest" name="verifyLogin" time="5.789"/>
  <testcase classname="tests.LoginTest" name="verifyTitle" time="0.056"/>
</testsuite> <!-- Test1 -->
