<?xml version="1.0" encoding="UTF-8"?>
<!-- Generated by org.testng.reporters.JUnitXMLReporter -->
<testsuite ignored="0" hostname="DESKTOP-FFTHLO8" failures="0" tests="14" name="Test" time="90.915" errors="0" timestamp="2023-11-18T22:42:39 IST">
  <testcase classname="tests.HomePageTest" name="getHeaderText" time="2.125"/>
  <testcase classname="tests.HomePageTest" name="imageDisplayed" time="2.123"/>
  <testcase classname="tests.HomePageTest" name="getUsernameText" time="2.136"/>
  <testcase classname="tests.HomePageTest" name="getPasswordText" time="2.107"/>
  <testcase classname="tests.LoginTest" name="verifyUrl" time="4.084"/>
  <testcase classname="tests.LoginTest" name="verifyLogin" time="5.452"/>
  <testcase classname="tests.LoginTest" name="verifyTitle" time="4.047"/>
  <testcase classname="tests.FrontPageTest" name="testBackpack" time="6.773"/>
  <testcase classname="tests.FrontPageTest" name="testBikeLight" time="6.458"/>
  <testcase classname="tests.FrontPageTest" name="testAddToCart" time="4.446"/>
  <testcase classname="tests.FrontPageTest" name="removeBackpack" time="2.219"/>
  <testcase classname="tests.FrontPageTest" name="clickContinueShopping" time="2.308"/>
  <testcase classname="tests.FrontPageTest" name="removeBikeLight" time="2.238"/>
  <testcase classname="tests.FrontPageTest" name="sortProduct" time="2.496"/>
</testsuite> <!-- Test -->
