<?xml version="1.0" encoding="UTF-8"?>
<testng-results ignored="0" total="8" passed="8" failed="0" skipped="0">
  <reporter-output>
  </reporter-output>
  <suite started-at="2023-11-18T22:50:54 IST" name="Default suite" finished-at="2023-11-18T22:51:43 IST" duration-ms="49200">
    <groups>
    </groups>
    <test started-at="2023-11-18T22:50:54 IST" name="Default test" finished-at="2023-11-18T22:51:43 IST" duration-ms="49200">
      <class name="tests.FrontPageTest">
        <test-method is-config="true" signature="init()[pri:0, instance:tests.FrontPageTest@15bb5034]" started-at="2023-11-18T22:50:54 IST" name="init" finished-at="2023-11-18T22:51:12 IST" duration-ms="18018" status="PASS">
          <reporter-output>
          </reporter-output>
        </test-method> <!-- init -->
        <test-method signature="testBackpack()[pri:1, instance:tests.FrontPageTest@15bb5034]" started-at="2023-11-18T22:51:12 IST" name="testBackpack" finished-at="2023-11-18T22:51:19 IST" duration-ms="6855" status="PASS">
          <reporter-output>
          </reporter-output>
        </test-method> <!-- testBackpack -->
        <test-method signature="testBikeLight()[pri:2, instance:tests.FrontPageTest@15bb5034]" started-at="2023-11-18T22:51:19 IST" name="testBikeLight" finished-at="2023-11-18T22:51:26 IST" duration-ms="6470" status="PASS">
          <reporter-output>
          </reporter-output>
        </test-method> <!-- testBikeLight -->
        <test-method signature="testAddToCart()[pri:3, instance:tests.FrontPageTest@15bb5034]" started-at="2023-11-18T22:51:26 IST" name="testAddToCart" finished-at="2023-11-18T22:51:30 IST" duration-ms="4426" status="PASS">
          <reporter-output>
          </reporter-output>
        </test-method> <!-- testAddToCart -->
        <test-method signature="removeBackpack()[pri:4, instance:tests.FrontPageTest@15bb5034]" started-at="2023-11-18T22:51:30 IST" name="removeBackpack" finished-at="2023-11-18T22:51:32 IST" duration-ms="2243" status="PASS">
          <reporter-output>
          </reporter-output>
        </test-method> <!-- removeBackpack -->
        <test-method signature="clickContinueShopping()[pri:5, instance:tests.FrontPageTest@15bb5034]" started-at="2023-11-18T22:51:32 IST" name="clickContinueShopping" finished-at="2023-11-18T22:51:35 IST" duration-ms="2367" status="PASS">
          <reporter-output>
          </reporter-output>
        </test-method> <!-- clickContinueShopping -->
        <test-method signature="remainQtyAddToCart()[pri:6, instance:tests.FrontPageTest@15bb5034]" started-at="2023-11-18T22:51:35 IST" name="remainQtyAddToCart" finished-at="2023-11-18T22:51:35 IST" duration-ms="80" status="PASS">
          <reporter-output>
          </reporter-output>
        </test-method> <!-- remainQtyAddToCart -->
        <test-method signature="removeBikeLight()[pri:7, instance:tests.FrontPageTest@15bb5034]" started-at="2023-11-18T22:51:35 IST" name="removeBikeLight" finished-at="2023-11-18T22:51:37 IST" duration-ms="2189" status="PASS">
          <reporter-output>
          </reporter-output>
        </test-method> <!-- removeBikeLight -->
        <test-method signature="sortProduct()[pri:8, instance:tests.FrontPageTest@15bb5034]" started-at="2023-11-18T22:51:37 IST" name="sortProduct" finished-at="2023-11-18T22:51:40 IST" duration-ms="2832" status="PASS">
          <reporter-output>
          </reporter-output>
        </test-method> <!-- sortProduct -->
        <test-method is-config="true" signature="closeBrowser()[pri:0, instance:tests.FrontPageTest@15bb5034]" started-at="2023-11-18T22:51:40 IST" name="closeBrowser" finished-at="2023-11-18T22:51:43 IST" duration-ms="3477" status="PASS">
          <reporter-output>
          </reporter-output>
        </test-method> <!-- closeBrowser -->
      </class> <!-- tests.FrontPageTest -->
    </test> <!-- Default test -->
  </suite> <!-- Default suite -->
</testng-results>
